make: Entering directory '/home/ptracton/src/Gemini_IP/IP/interface/GPIO/verif/cocotb'
rm -f results.xml
"make" -f Makefile results.xml
make[1]: Entering directory '/home/ptracton/src/Gemini_IP/IP/interface/GPIO/verif/cocotb'
/home/ptracton/src/Gemini_IP/virtualenv/GEMINI_IP_PYTHON/lib/python3.12/site-packages/cocotb_tools/makefiles/simulators/Makefile.verilator:69: Using MODULE is deprecated, please use COCOTB_TEST_MODULES instead.
/home/ptracton/src/Gemini_IP/virtualenv/GEMINI_IP_PYTHON/lib/python3.12/site-packages/cocotb_tools/makefiles/simulators/Makefile.verilator:69: Using PLUSARGS is deprecated, please use COCOTB_PLUSARGS instead.
rm -f results.xml
COCOTB_TEST_MODULES=test_gpio COCOTB_TESTCASE= COCOTB_TEST_FILTER= COCOTB_TOPLEVEL=gpio_axi TOPLEVEL_LANG=verilog \
         sim_build/Vtop   +BUS_TYPE=AXI  
     -.--ns INFO     gpi                                ..mbed/gpi_embed.cpp:93   in _embed_init_python              Using Python 3.12.4 interpreter at /home/ptracton/src/Gemini_IP/virtualenv/GEMINI_IP_PYTHON/bin/python
     -.--ns INFO     gpi                                ../gpi/GpiCommon.cpp:79   in gpi_print_registered_impl       VPI registered
     0.00ns INFO     cocotb                             Running on Verilator version 5.043 devel
     0.00ns INFO     cocotb                             Seeding Python random module with 1766364239
     0.00ns INFO     cocotb                             Initialized cocotb v2.0.1 from /home/ptracton/src/Gemini_IP/virtualenv/GEMINI_IP_PYTHON/lib/python3.12/site-packages/cocotb
     0.00ns INFO     cocotb.regression                  pytest not found, install it to enable better AssertionError messages
Traceback (most recent call last):
  File "/home/ptracton/src/Gemini_IP/virtualenv/GEMINI_IP_PYTHON/lib/python3.12/site-packages/pygpi/entry.py", line 42, in load_entry
    entry_func(argv)
  File "/home/ptracton/src/Gemini_IP/virtualenv/GEMINI_IP_PYTHON/lib/python3.12/site-packages/cocotb/_init.py", line 102, in run_regression
    _setup_regression_manager()
  File "/home/ptracton/src/Gemini_IP/virtualenv/GEMINI_IP_PYTHON/lib/python3.12/site-packages/cocotb/_init.py", line 283, in _setup_regression_manager
    cocotb._regression_manager.discover_tests(*modules)
  File "/home/ptracton/src/Gemini_IP/virtualenv/GEMINI_IP_PYTHON/lib/python3.12/site-packages/cocotb/regression.py", line 186, in discover_tests
    mod = import_module(module_name)
          ^^^^^^^^^^^^^^^^^^^^^^^^^^
  File "/usr/lib/python3.12/importlib/__init__.py", line 90, in import_module
    return _bootstrap._gcd_import(name[level:], package, level)
           ^^^^^^^^^^^^^^^^^^^^^^^^^^^^^^^^^^^^^^^^^^^^^^^^^^^^
  File "<frozen importlib._bootstrap>", line 1387, in _gcd_import
  File "<frozen importlib._bootstrap>", line 1360, in _find_and_load
  File "<frozen importlib._bootstrap>", line 1331, in _find_and_load_unlocked
  File "<frozen importlib._bootstrap>", line 935, in _load_unlocked
  File "<frozen importlib._bootstrap_external>", line 995, in exec_module
  File "<frozen importlib._bootstrap>", line 488, in _call_with_frames_removed
  File "/home/ptracton/src/Gemini_IP/IP/interface/GPIO/verif/cocotb/test_gpio.py", line 7, in <module>
    from cocotb.binary import BinaryValue
ModuleNotFoundError: No module named 'cocotb.binary'
Traceback (most recent call last):
  File "/home/ptracton/src/Gemini_IP/virtualenv/GEMINI_IP_PYTHON/lib/python3.12/site-packages/cocotb/_init.py", line 117, in _sim_event
    cocotb._regression_manager._fail_simulation(msg)
  File "/home/ptracton/src/Gemini_IP/virtualenv/GEMINI_IP_PYTHON/lib/python3.12/site-packages/cocotb/regression.py", line 899, in _fail_simulation
    self._running_test.abort(self._sim_failure)
    ^^^^^^^^^^^^^^^^^^
AttributeError: 'RegressionManager' object has no attribute '_running_test'
     0.00ns ERROR    gpi                                Passing event to upper layer failed
- :0: Verilog $finish
make[1]: *** [/home/ptracton/src/Gemini_IP/virtualenv/GEMINI_IP_PYTHON/lib/python3.12/site-packages/cocotb_tools/makefiles/simulators/Makefile.verilator:70: results.xml] Error 1
make[1]: Leaving directory '/home/ptracton/src/Gemini_IP/IP/interface/GPIO/verif/cocotb'
make: *** [/home/ptracton/src/Gemini_IP/virtualenv/GEMINI_IP_PYTHON/lib/python3.12/site-packages/cocotb_tools/makefiles/Makefile.inc:17: sim] Error 2
make: Leaving directory '/home/ptracton/src/Gemini_IP/IP/interface/GPIO/verif/cocotb'
